app/build/outputs/mapping/debug/seeds.txt
app.nitish.nasaAPP.R$id: int expanded_menu
app.nitish.nasaAPP.R$id: int leak_canary_search_button
app.nitish.nasaAPP.R$id: int test_checkbox_app_button_tint
app.nitish.nasaAPP.NASA.api.NASAResponse: java.lang.String component4()
app.nitish.nasaAPP.R$id: int start
app.nitish.nasaAPP.R$id: int action_context_bar
app.nitish.nasaAPP.NASA.api.NASAService
app.nitish.nasaAPP.R$id: int fill_horizontal
app.nitish.nasaAPP.R$id: int add
app.nitish.nasaAPP.R$id: int mini
app.nitish.nasaAPP.R$id: int beginning
app.nitish.nasaAPP.NASA.NASA: java.lang.String component2()
app.nitish.nasaAPP.R$id: int pin
app.nitish.nasaAPP.R$id: int leak_canary_explorer_list
app.nitish.nasaAPP.R$id: int action_todayPhotoFragment_to_pictureFragment
app.nitish.nasaAPP.R$id: int chip2
app.nitish.nasaAPP.NASA.db.NASADatabase_Impl: NASADatabase_Impl()
app.nitish.nasaAPP.R$id: int live_video_indicator
app.nitish.nasaAPP.R$id: int default_activity_button
app.nitish.nasaAPP.R$id: int navigation_header_container
app.nitish.nasaAPP.NASA.api.NASAResponse: java.lang.String explanation
app.nitish.nasaAPP.R$id: int end
app.nitish.nasaAPP.R$id: int switchWidget
app.nitish.nasaAPP.R$id: int search_src_text
app.nitish.nasaAPP.NASA.api.NASAResponse: java.lang.String component6()
app.nitish.nasaAPP.R$id: int leak_canary_notification_analyzing_heap
app.nitish.nasaAPP.R$id: int useLogo
app.nitish.nasaAPP.R$id: int notification_main_column
app.nitish.nasaAPP.R$id: int message
app.nitish.nasaAPP.R$id: int transition_position
app.nitish.nasaAPP.R$id: int fixed
app.nitish.nasaAPP.NASA.NASA: java.lang.String url
app.nitish.nasaAPP.R$id: int percent
app.nitish.nasaAPP.R$id: int mtrl_picker_header_selection_text
app.nitish.nasaAPP.NASA.NASA: java.lang.String getTitle()
app.nitish.nasaAPP.R$id: int leak_canary_main_container
app.nitish.nasaAPP.R$id: int accessibility_custom_action_7
app.nitish.nasaAPP.R$id: int leak_canary_row_text
app.nitish.nasaAPP.R$id: int fragment_container_view_tag
app.nitish.nasaAPP.R$id: int center
app.nitish.nasaAPP.R$id: int tag_accessibility_clickable_spans
app.nitish.nasaAPP.R$id: int skipCollapsed
app.nitish.nasaAPP.R$id: int TOP_START
app.nitish.nasaAPP.R$id: int chains
app.nitish.nasaAPP.R$id: int month_title
app.nitish.nasaAPP.R$id: int dropdown_menu
app.nitish.nasaAPP.R$id: int leak_canary_list
app.nitish.nasaAPP.R$id: int src_atop
app.nitish.nasaAPP.R$id: int snap
app.nitish.nasaAPP.R$id: int search_voice_btn
app.nitish.nasaAPP.R$id: int pictureContainer
app.nitish.nasaAPP.R$id: int accessibility_custom_action_2
app.nitish.nasaAPP.R$id: int nav_graph
app.nitish.nasaAPP.R$id: int design_navigation_view
app.nitish.nasaAPP.R$id: int snapMargins
app.nitish.nasaAPP.R$id: int videoContainer
app.nitish.nasaAPP.R$id: int home
app.nitish.nasaAPP.NASA.NASA: NASA(long,java.lang.String,java.lang.String,java.lang.String,java.lang.String,java.lang.String,java.lang.String,java.lang.String,int,kotlin.jvm.internal.DefaultConstructorMarker)
app.nitish.nasaAPP.R$id: int smallLabel
app.nitish.nasaAPP.R$id: int tag_screen_reader_focusable
app.nitish.nasaAPP.R$id: int parentPanel
app.nitish.nasaAPP.R$id: int submenuarrow
app.nitish.nasaAPP.R$id: int accessibility_custom_action_21
app.nitish.nasaAPP.R$id: int invisible
app.nitish.nasaAPP.R$id: int custom_action_left_button
app.nitish.nasaAPP.R$id: int notification_main_column_container
app.nitish.nasaAPP.R$id: int todayScrollContainer
app.nitish.nasaAPP.R$id: int buttonPanel
app.nitish.nasaAPP.R$id: int textSpacerNoButtons
app.nitish.nasaAPP.R$id: int right_side
app.nitish.nasaAPP.R$id: int accessibility_custom_action_17
app.nitish.nasaAPP.R$id: int leak_canary_stacktrace
app.nitish.nasaAPP.R$id: int item_touch_helper_previous_elevation
app.nitish.nasaAPP.R$id: int leak_canary_notification_write_permission
app.nitish.nasaAPP.NASA.api.NASAResponse: long getId()
...
androidx.work.impl.background.systemalarm.ConstraintProxy$NetworkStateProxy
androidx.recyclerview.widget.RecyclerView: void setScrollingTouchSlop(int)
com.google.android.material.R$styleable: int AppCompatTheme_colorControlHighlight
com.google.android.material.R$styleable: int Toolbar_contentInsetEndWithActions
com.google.android.material.R$styleable: int GradientColorItem_android_offset
com.google.android.material.R$style: int Base_Widget_AppCompat_DrawerArrowToggle_Common
androidx.preference.R$styleable: int Preference_android_order
androidx.appcompat.R$style: int TextAppearance_AppCompat_Widget_Switch
com.google.android.material.R$attr: int singleLine
androidx.constraintlayout.widget.R$styleable: int ConstraintSet_layout_constraintHeight_min
com.davemorrissey.labs.subscaleview.decoder.SkiaPooledImageRegionDecoder: void setDebug(boolean)
com.pierfrancescosoffritti.androidyoutubeplayer.R$styleable: int AppCompatTextView_textAllCaps
com.pierfrancescosoffritti.androidyoutubeplayer.core.player.YouTubePlayerBridge: boolean sendYouTubeIFrameAPIReady()
androidx.preference.R$styleable: int CompoundButton_buttonTint
androidx.constraintlayout.widget.R$styleable: int ConstraintLayout_Layout_layout_constraintHorizontal_weight
com.google.android.material.R$id: int action_bar_root
androidx.vectordrawable.graphics.drawable.VectorDrawableCompat$VFullPath: float getTrimPathStart()
com.google.android.material.R$styleable: int Chip_chipMinHeight
androidx.recyclerview.R$dimen: int notification_small_icon_background_padding
leakcanary.internal.DisplayLeakConnectorView$Type: leakcanary.internal.DisplayLeakConnectorView$Type valueOf(java.lang.String)
com.pierfrancescosoffritti.androidyoutubeplayer.R$styleable: int RecyclerView_reverseLayout
com.google.android.material.R$attr: int chipIconEnabled
com.google.android.material.R$styleable: int TextAppearance_android_textStyle
com.pierfrancescosoffritti.androidyoutubeplayer.R$drawable: int abc_ic_menu_share_mtrl_alpha
androidx.coordinatorlayout.R$attr: int layout_anchor
androidx.preference.R$styleable: int PreferenceFragment_android_divider
androidx.appcompat.R$styleable: int AlertDialog_buttonIconDimen
com.google.android.material.R$style: int Widget_AppCompat_ActionBar_Solid
androidx.appcompat.R$color: int abc_secondary_text_material_light
com.google.android.material.R$color: int mtrl_fab_ripple_color
androidx.navigation.fragment.R$styleable: int NavAction_android_id
androidx.appcompat.R$attr: int trackTint
androidx.preference.R$id: int icon
androidx.appcompat.widget.SwitchCompat: void setThumbTextPadding(int)
androidx.appcompat.R$id: int tag_transition_group
com.google.android.material.R$attr: int titleMarginEnd
com.squareup.leakcanary.core.R$string: int leak_canary_failure_copied
com.squareup.leakcanary.core.R$string: int leak_canary_share_heap_dump_bitmap_screen_title
androidx.appcompat.R$id: int tag_accessibility_heading
com.google.android.material.R$styleable: int Slider_android_stepSize
androidx.preference.R$styleable: int LinearLayoutCompat_showDividers
com.bumptech.glide.R$id: int end
androidx.preference.R$attr: int hideOnContentScroll
com.google.android.material.R$dimen: int mtrl_card_checked_icon_margin
com.google.android.material.R$dimen: int abc_panel_menu_list_width
androidx.appcompat.R$color: int dim_foreground_material_light
com.google.android.material.R$styleable: int NavigationView_headerLayout
androidx.preference.R$id: int accessibility_custom_action_10
androidx.preference.R$styleable: int Preference_android_icon
androidx.core.R$id: int notification_main_column_container
androidx.preference.R$styleable: int[] AppCompatTextHelper
com.google.android.material.chip.Chip: void setBackgroundTintList(android.content.res.ColorStateList)
com.pierfrancescosoffritti.androidyoutubeplayer.R$id: int forever
com.davemorrissey.labs.subscaleview.SubsamplingScaleImageView: void fitToBounds(boolean)
androidx.preference.R$attr: int autoSizeTextType
androidx.lifecycle.ViewModel: ViewModel()