app/build/outputs/mapping/debug/mapping.txt
# compiler: R8
# compiler_version: 2.0.74
# min_api: 29
# pg_map_id: 4c82514
# common_typos_disable
app.nitish.nasaAPP.DaggernasaAPPApplication_HiltComponents_ApplicationC -> d.a.a.a:
    java.lang.Object nASADatabase -> b
    java.lang.Object imageCache -> c
    dagger.hilt.android.internal.modules.ApplicationContextModule applicationContextModule -> a
    61:61:void <init>(dagger.hilt.android.internal.modules.ApplicationContextModule,app.nitish.nasaAPP.DaggernasaAPPApplication_HiltComponents_ApplicationC$1) -> <init>
    69:71:void <init>(dagger.hilt.android.internal.modules.ApplicationContextModule) -> <init>
    115:115:void injectnasaAPPApplication(app.nitish.nasaAPP.nasaAPPApplication) -> a
    119:119:dagger.hilt.android.internal.builders.ActivityRetainedComponentBuilder retainedComponentBuilder() -> b
    61:61:dagger.hilt.android.internal.modules.ApplicationContextModule access$1000(app.nitish.nasaAPP.DaggernasaAPPApplication_HiltComponents_ApplicationC) -> c
    61:61:app.nitish.nasaAPP.NASA.api.NASADataSource access$700(app.nitish.nasaAPP.DaggernasaAPPApplication_HiltComponents_ApplicationC) -> d
    61:61:app.nitish.nasaAPP.NASA.db.NASADao access$800(app.nitish.nasaAPP.DaggernasaAPPApplication_HiltComponents_ApplicationC) -> e
    61:61:app.nitish.nasaAPP.shared.ImageCache access$900(app.nitish.nasaAPP.DaggernasaAPPApplication_HiltComponents_ApplicationC) -> f
    74:74:app.nitish.nasaAPP.DaggernasaAPPApplication_HiltComponents_ApplicationC$Builder builder() -> g
    100:110:app.nitish.nasaAPP.shared.ImageCache getImageCache() -> h
app.nitish.nasaAPP.DaggernasaAPPApplication_HiltComponents_ApplicationC$1 -> d.a.a.a$a:
app.nitish.nasaAPP.DaggernasaAPPApplication_HiltComponents_ApplicationC$ActivityRetainedCBuilder -> d.a.a.a$b:
    app.nitish.nasaAPP.DaggernasaAPPApplication_HiltComponents_ApplicationC this$0 -> a
    171:171:void <init>(app.nitish.nasaAPP.DaggernasaAPPApplication_HiltComponents_ApplicationC) -> <init>
    171:171:void <init>(app.nitish.nasaAPP.DaggernasaAPPApplication_HiltComponents_ApplicationC,app.nitish.nasaAPP.DaggernasaAPPApplication_HiltComponents_ApplicationC$1) -> <init>
    174:174:app.nitish.nasaAPP.nasaAPPApplication_HiltComponents$ActivityRetainedC build() -> a
    171:171:dagger.hilt.android.components.ActivityRetainedComponent build() -> b
app.nitish.nasaAPP.DaggernasaAPPApplication_HiltComponents_ApplicationC$ActivityRetainedCImpl -> d.a.a.a$c:
    app.nitish.nasaAPP.DaggernasaAPPApplication_HiltComponents_ApplicationC this$0 -> a
    178:178:void <init>(app.nitish.nasaAPP.DaggernasaAPPApplication_HiltComponents_ApplicationC,app.nitish.nasaAPP.DaggernasaAPPApplication_HiltComponents_ApplicationC$1) -> <init>
    179:181:void <init>(app.nitish.nasaAPP.DaggernasaAPPApplication_HiltComponents_ApplicationC) -> <init>
    185:185:dagger.hilt.android.internal.builders.ActivityComponentBuilder activityComponentBuilder() -> a
app.nitish.nasaAPP.DaggernasaAPPApplication_HiltComponents_ApplicationC$ActivityRetainedCImpl$ActivityCBuilder -> d.a.a.a$c$a:
    app.nitish.nasaAPP.DaggernasaAPPApplication_HiltComponents_ApplicationC$ActivityRetainedCImpl this$1 -> b
    android.app.Activity activity -> a
    188:188:void <init>(app.nitish.nasaAPP.DaggernasaAPPApplication_HiltComponents_ApplicationC$ActivityRetainedCImpl) -> <init>
    188:188:void <init>(app.nitish.nasaAPP.DaggernasaAPPApplication_HiltComponents_ApplicationC$ActivityRetainedCImpl,app.nitish.nasaAPP.DaggernasaAPPApplication_HiltComponents_ApplicationC$1) -> <init>
    193:194:app.nitish.nasaAPP.DaggernasaAPPApplication_HiltComponents_ApplicationC$ActivityRetainedCImpl$ActivityCBuilder activity(android.app.Activity) -> a
    188:188:dagger.hilt.android.internal.builders.ActivityComponentBuilder activity(android.app.Activity) -> b
    199:200:app.nitish.nasaAPP.nasaAPPApplication_HiltComponents$ActivityC build() -> c
    188:188:dagger.hilt.android.components.ActivityComponent build() -> d
...
okhttp3.RequestBody -> k.a0:
    okhttp3.RequestBody$Companion Companion -> a
    28:28:void <init>() -> <init>
    38:38:long contentLength() -> a
    okhttp3.MediaType contentType() -> b
    okhttp3.RequestBody create(okhttp3.MediaType,okio.ByteString) -> c
    okhttp3.RequestBody create(okhttp3.MediaType,byte[]) -> d
    76:76:boolean isDuplex() -> e
    95:95:boolean isOneShot() -> f
    void writeTo(okio.BufferedSink) -> g
okhttp3.RequestBody$Companion -> k.a0$a:
    97:97:void <init>() -> <init>
    97:97:void <init>(kotlin.jvm.internal.DefaultConstructorMarker) -> <init>
    193:193:okhttp3.RequestBody create(okhttp3.MediaType,okio.ByteString) -> a
    209:209:okhttp3.RequestBody create(okhttp3.MediaType,byte[],int,int) -> b
    125:125:okhttp3.RequestBody create(okio.ByteString,okhttp3.MediaType) -> c
    145:146:okhttp3.RequestBody create(byte[],okhttp3.MediaType,int,int) -> d
    207:208:okhttp3.RequestBody create$default(okhttp3.RequestBody$Companion,okhttp3.MediaType,byte[],int,int,int,java.lang.Object) -> e
    141:143:okhttp3.RequestBody create$default(okhttp3.RequestBody$Companion,byte[],okhttp3.MediaType,int,int,int,java.lang.Object) -> f
okhttp3.RequestBody$Companion$toRequestBody$1 -> k.a0$a$a:
    okio.ByteString $this_toRequestBody -> b
    okhttp3.MediaType $contentType -> c
    125:125:void <init>(okio.ByteString,okhttp3.MediaType) -> <init>
    128:128:long contentLength() -> a
    126:126:okhttp3.MediaType contentType() -> b
    131:132:void writeTo(okio.BufferedSink) -> g
okhttp3.RequestBody$Companion$toRequestBody$2 -> k.a0$a$b:
    byte[] $this_toRequestBody -> b
    int $byteCount -> d
    int $offset -> e
    okhttp3.MediaType $contentType -> c
    146:146:void <init>(byte[],okhttp3.MediaType,int,int) -> <init>
    149:149:long contentLength() -> a
    147:147:okhttp3.MediaType contentType() -> b
    152:153:void writeTo(okio.BufferedSink) -> g
okhttp3.Response -> k.b0:
    java.lang.String message -> h
    okhttp3.CacheControl lazyCacheControl -> e
    int code -> i
    okhttp3.Response priorResponse -> o
    okhttp3.ResponseBody body -> l
    okhttp3.Response networkResponse -> m
    okhttp3.Response cacheResponse -> n
    okhttp3.Handshake handshake -> j
    okhttp3.internal.connection.Exchange exchange -> r
    okhttp3.Headers headers -> k
    okhttp3.Request request -> f
    long receivedResponseAtMillis -> q
    okhttp3.Protocol protocol -> g
    long sentRequestAtMillis -> p
    40:40:void <init>(okhttp3.Request,okhttp3.Protocol,java.lang.String,int,okhttp3.Handshake,okhttp3.Headers,okhttp3.ResponseBody,okhttp3.Response,okhttp3.Response,okhttp3.Response,long,long,okhttp3.internal.connection.Exchange) -> <init>
    147:147:boolean isSuccessful() -> A
    56:56:java.lang.String message() -> B
    85:85:okhttp3.Response networkResponse() -> D
    209:209:okhttp3.Response$Builder newBuilder() -> E
    100:100:okhttp3.Response priorResponse() -> G
    53:53:okhttp3.Protocol protocol() -> K
    114:114:long receivedResponseAtMillis() -> Q
    50:50:okhttp3.Request request() -> R
    107:107:long sentRequestAtMillis() -> T
    78:78:okhttp3.ResponseBody body() -> a
    266:271:okhttp3.CacheControl cacheControl() -> c
    302:302:void close() -> close
    92:92:okhttp3.Response cacheResponse() -> e
    59:59:int code() -> i
    116:116:okhttp3.internal.connection.Exchange exchange() -> n