app/build/outputs/mapping/debug/usage.txt
app.nitish.nasaAPP.NASA.db.NASAEntity:
    public static synthetic app.nitish.nasaAPP.NASA.db.NASAEntity copy$default(app.nitish.nasaAPP.NASA.db.NASAEntity,long,java.lang.String,java.lang.String,java.lang.String,java.lang.String,java.lang.String,java.lang.String,java.lang.String,int,java.lang.Object)
    public final long component1()
    public final java.lang.String component2()
    public final java.lang.String component3()
    public final java.lang.String component4()
    public final java.lang.String component5()
    public final java.lang.String component6()
    public final java.lang.String component7()
    public final java.lang.String component8()
    public final app.nitish.nasaAPP.NASA.db.NASAEntity copy(long,java.lang.String,java.lang.String,java.lang.String,java.lang.String,java.lang.String,java.lang.String,java.lang.String)
app.nitish.nasaAPP.di.NASADaoModule_ProvideDatabaseFactory:
    public void <init>(javax.inject.Provider)
    public static app.nitish.nasaAPP.di.NASADaoModule_ProvideDatabaseFactory create(javax.inject.Provider)
    public app.nitish.nasaAPP.NASA.db.NASADatabase get()
    public synthetic bridge java.lang.Object get()
    private final javax.inject.Provider applicationContextProvider
app.nitish.nasaAPP.settings.SettingsViewModel_HiltModule
app.nitish.nasaAPP.shared.OneShotEvent:
    public final boolean getHasBeenHandled()
    public final java.lang.Object peekContent()
app.nitish.nasaAPP.R$layout
app.nitish.nasaAPP.nasaAPPApplication_HiltComponents$ViewWithFragmentC$Builder
app.nitish.nasaAPP.DaggernasaAPPApplication_HiltComponents_ApplicationC$ActivityRetainedCImpl$ActivityCImpl$FragmentCImpl$ViewWithFragmentCImpl
app.nitish.nasaAPP.DaggernasaAPPApplication_HiltComponents_ApplicationC$ServiceCBuilder
app.nitish.nasaAPP.DaggernasaAPPApplication_HiltComponents_ApplicationC$ActivityRetainedCImpl$ActivityCImpl$ViewCImpl
app.nitish.nasaAPP.nasaAPPApplication_HiltComponents$FragmentCBuilderModule
app.nitish.nasaAPP.DaggernasaAPPApplication_HiltComponents_ApplicationC$ActivityRetainedCImpl$ActivityCImpl$FragmentCImpl:
    public dagger.hilt.android.internal.builders.ViewWithFragmentComponentBuilder viewWithFragmentComponentBuilder()
app.nitish.nasaAPP.settings.ClearDataDialogFragment$buildDialog$1
app.nitish.nasaAPP.NASA.db.NASADao_Impl:
    static synthetic androidx.room.SharedSQLiteStatement access$300(app.nitish.nasaAPP.NASA.db.NASADao_Impl)
    public java.lang.Object deleteAll(kotlin.coroutines.Continuation)
app.nitish.nasaAPP.today.TodayViewModel:
    public final void videoLinkClicked()
app.nitish.nasaAPP.settings.SettingsViewModel:
    public static final synthetic app.nitish.nasaAPP.NASA.NASARepository access$getNASARepository$p(app.nitish.nasaAPP.settings.SettingsViewModel)
    public final void clearData()
app.nitish.nasaAPP.NASA.db.NASADatabaseProvider$getDatabase$1
app.nitish.nasaAPP.R$color
app.nitish.nasaAPP.DaggernasaAPPApplication_HiltComponents_ApplicationC$ActivityRetainedCImpl$ActivityCImpl$ViewCBuilder
app.nitish.nasaAPP.today.TodayFragment:
    public final app.nitish.nasaAPP.shared.ImageCache getImageCache()
    public final void setImageCache(app.nitish.nasaAPP.shared.ImageCache)
app.nitish.nasaAPP.settings.ClearDataDialogFragment$buildDialog$2
app.nitish.nasaAPP.R$menu
app.nitish.nasaAPP.nasaAPPApplication_HiltComponents$ViewC
app.nitish.nasaAPP.nasaAPPApplication_HiltComponents$ServiceCBuilderModule
app.nitish.nasaAPP.R$anim
app.nitish.nasaAPP.Hilt_MainActivity:
    void <init>(int)
    public androidx.lifecycle.ViewModelProvider$Factory getDefaultViewModelProviderFactory()
app.nitish.nasaAPP.view.ClickFragment_MembersInjector:
    public void <init>(javax.inject.Provider)
    public static dagger.MembersInjector create(javax.inject.Provider)
    public void injectMembers(app.nitish.nasaAPP.view.ClickFragment)
    public synthetic bridge void injectMembers(java.lang.Object)
    private final javax.inject.Provider imageCacheProvider
...
leakcanary.internal.activity.db.LeaksDbHelper:
    public static final leakcanary.internal.activity.db.LeaksDbHelper$Companion Companion
androidx.lifecycle.LifecycleRegistry$1
androidx.viewpager2.adapter.FragmentStateAdapter$FragmentMaxLifecycleEnforcer$3:
    public final synthetic androidx.viewpager2.adapter.FragmentStateAdapter$FragmentMaxLifecycleEnforcer this$1
com.google.gson.internal.bind.ReflectiveTypeAdapterFactory$1:
    public final synthetic com.google.gson.internal.bind.ReflectiveTypeAdapterFactory this$0
com.bumptech.glide.load.engine.bitmap_recycle.LruBitmapPool:
    public final long initialMaxSize
com.google.android.material.datepicker.MaterialCalendarGridView$1:
    public final synthetic com.google.android.material.datepicker.MaterialCalendarGridView this$0
com.google.android.material.circularreveal.CircularRevealFrameLayout:
    public final com.google.android.material.circularreveal.CircularRevealHelper helper
retrofit2.http.Multipart
com.bumptech.glide.manager.SupportRequestManagerFragment$SupportFragmentRequestManagerTreeNode:
    public java.util.Set getDescendants()
androidx.work.impl.model.WorkSpecDao_Impl:
    public final androidx.room.SharedSQLiteStatement __preparedStmtOfPruneFinishedWorkWithZeroDependentsIgnoringKeepForAtLeast
retrofit2.http.Url
androidx.work.impl.model.WorkTypeConverters$1
com.bumptech.glide.load.engine.bitmap_recycle.LruBitmapPool$BitmapTracker:
    public abstract void add(android.graphics.Bitmap)
    public abstract void remove(android.graphics.Bitmap)
com.bumptech.glide.load.engine.DecodeJob$1
com.bumptech.glide.MemoryCategory:
    public final float multiplier
com.google.gson.FieldAttributes:
    public final java.lang.reflect.Field field
androidx.fragment.app.Fragment$OnStartEnterTransitionListener:
    public abstract void onStartEnterTransition()
    public abstract void startListening()
okhttp3.internal.http2.Http2Connection$sendDegradedPingLater$$inlined$execute$1:
    public final synthetic java.lang.String $name
    public final synthetic boolean $cancelable
com.google.gson.internal.ConstructorConstructor$3:
    public final synthetic com.google.gson.internal.ConstructorConstructor this$0
androidx.navigation.NavDestination:
    public static final java.util.HashMap sClasses
okhttp3.internal.cache.CacheInterceptor$cacheWritingResponse$cacheWritingSource$1
androidx.core.graphics.TypefaceCompatBaseImpl:
    public static java.lang.Object findBestFont(java.lang.Object[],int,androidx.core.graphics.TypefaceCompatBaseImpl$StyleExtractor)
    public static long getUniqueKey(android.graphics.Typeface)
    public androidx.core.provider.FontsContractCompat$FontInfo findBestInfo(androidx.core.provider.FontsContractCompat$FontInfo[],int)
    public android.graphics.Typeface createFromInputStream(android.content.Context,java.io.InputStream)
    public androidx.core.content.res.FontResourcesParserCompat$FontFamilyFilesResourceEntry getFontFamily(android.graphics.Typeface)
    public final androidx.core.content.res.FontResourcesParserCompat$FontFileResourceEntry findBestEntry(androidx.core.content.res.FontResourcesParserCompat$FontFamilyFilesResourceEntry,int)
    public final void addFontFamily(android.graphics.Typeface,androidx.core.content.res.FontResourcesParserCompat$FontFamilyFilesResourceEntry)
com.google.android.material.appbar.AppBarLayout$BaseBehavior$BaseDragCallback
android.support.v4.os.ResultReceiver:
    public final boolean mLocal
androidx.cardview.widget.CardViewApi17Impl
androidx.appcompat.widget.TooltipCompatHandler$1
androidx.fragment.app.FragmentHostCallback:
    public final int mWindowAnimations
androidx.fragment.app.FragmentTransaction:
    public final androidx.fragment.app.FragmentFactory mFragmentFactory
    public final java.lang.ClassLoader mClassLoader
com.google.android.material.datepicker.SmoothCalendarLayoutManager$1:
    public final synthetic com.google.android.material.datepicker.SmoothCalendarLayoutManager this$0